<?xml version="1.0" encoding="UTF-8"?>
<testng-results ignored="0" total="2" passed="2" failed="0" skipped="0">
  <reporter-output>
  </reporter-output>
  <suite started-at="2020-10-07T12:37:06 IST" name="Default suite" finished-at="2020-10-07T12:40:12 IST" duration-ms="185728">
    <groups>
    </groups>
    <test started-at="2020-10-07T12:37:06 IST" name="Default test" finished-at="2020-10-07T12:40:12 IST" duration-ms="185728">
      <class name="com.makemytriptest.MakeMyTripData">
        <test-method is-config="true" signature="setuUp()[pri:0, instance:com.makemytriptest.MakeMyTripData@5c671d7f]" started-at="2020-10-07T12:37:06 IST" name="setuUp" finished-at="2020-10-07T12:37:30 IST" duration-ms="24193" status="PASS">
          <reporter-output>
          </reporter-output>
        </test-method> <!-- setuUp -->
        <test-method signature="getMakeMyTripSite()[pri:0, instance:com.makemytriptest.MakeMyTripData@5c671d7f]" started-at="2020-10-07T12:37:30 IST" name="getMakeMyTripSite" finished-at="2020-10-07T12:39:59 IST" duration-ms="149160" status="PASS">
          <reporter-output>
          </reporter-output>
        </test-method> <!-- getMakeMyTripSite -->
        <test-method signature="tearDown()[pri:0, instance:com.makemytriptest.MakeMyTripData@5c671d7f]" started-at="2020-10-07T12:39:59 IST" name="tearDown" finished-at="2020-10-07T12:40:12 IST" duration-ms="12189" status="PASS">
          <reporter-output>
          </reporter-output>
        </test-method> <!-- tearDown -->
      </class> <!-- com.makemytriptest.MakeMyTripData -->
    </test> <!-- Default test -->
  </suite> <!-- Default suite -->
</testng-results>
